# JRE version: OpenJDK Runtime Environment (11.0.12+7) (build 11.0.12+7-b1504.28-7817840)
# Java VM: OpenJDK 64-Bit Server VM (11.0.12+7-b1504.28-7817840, mixed mode, tiered, compressed oops, g1 gc, windows-amd64)
Heap:
 garbage-first heap   total 436224K, used 162201K [0x0000000080000000, 0x0000000100000000)
  region size 1024K, 14 young (14336K), 14 survivors (14336K)
 Metaspace       used 115274K, capacity 118427K, committed 118572K, reserved 1153024K
  class space    used 14415K, capacity 15627K, committed 15744K, reserved 1048576K
GC Heap History (20 events):
Event: 69.112 GC heap after
{Heap after GC invocations=42 (full 0):
 garbage-first heap   total 305152K, used 148742K [0x0000000080000000, 0x0000000100000000)
  region size 1024K, 4 young (4096K), 4 survivors (4096K)
 Metaspace       used 112683K, capacity 115479K, committed 115628K, reserved 1148928K
  class space    used 14136K, capacity 15238K, committed 15360K, reserved 1048576K
}
Event: 69.488 GC heap before
{Heap before GC invocations=42 (full 0):
 garbage-first heap   total 305152K, used 241926K [0x0000000080000000, 0x0000000100000000)
  region size 1024K, 95 young (97280K), 4 survivors (4096K)
 Metaspace       used 113354K, capacity 116282K, committed 116396K, reserved 1150976K
  class space    used 14209K, capacity 15335K, committed 15360K, reserved 1048576K
}
Event: 69.493 GC heap after
{Heap after GC invocations=43 (full 0):
 garbage-first heap   total 305152K, used 149020K [0x0000000080000000, 0x0000000100000000)
  region size 1024K, 4 young (4096K), 4 survivors (4096K)
 Metaspace       used 113354K, capacity 116282K, committed 116396K, reserved 1150976K
  class space    used 14209K, capacity 15335K, committed 15360K, reserved 1048576K
}
Event: 69.948 GC heap before
{Heap before GC invocations=43 (full 0):
 garbage-first heap   total 305152K, used 245276K [0x0000000080000000, 0x0000000100000000)
  region size 1024K, 99 young (101376K), 4 survivors (4096K)
 Metaspace       used 114420K, capacity 117497K, committed 117676K, reserved 1150976K
  class space    used 14360K, capacity 15563K, committed 15616K, reserved 1048576K
}
Event: 69.956 GC heap after
{Heap after GC invocations=44 (full 0):
 garbage-first heap   total 305152K, used 150723K [0x0000000080000000, 0x0000000100000000)
  region size 1024K, 6 young (6144K), 6 survivors (6144K)
 Metaspace       used 114420K, capacity 117497K, committed 117676K, reserved 1150976K
  class space    used 14360K, capacity 15563K, committed 15616K, reserved 1048576K
}
Event: 70.250 GC heap before
{Heap before GC invocations=44 (full 0):
 garbage-first heap   total 305152K, used 249027K [0x0000000080000000, 0x0000000100000000)
  region size 1024K, 102 young (104448K), 6 survivors (6144K)
 Metaspace       used 114712K, capacity 117853K, committed 117932K, reserved 1150976K
  class space    used 14396K, capacity 15614K, committed 15616K, reserved 1048576K
}
Event: 70.256 GC heap after
{Heap after GC invocations=45 (full 0):
 garbage-first heap   total 305152K, used 148855K [0x0000000080000000, 0x0000000100000000)
  region size 1024K, 4 young (4096K), 4 survivors (4096K)
 Metaspace       used 114712K, capacity 117853K, committed 117932K, reserved 1150976K
  class space    used 14396K, capacity 15614K, committed 15616K, reserved 1048576K
}
Event: 70.476 GC heap before
{Heap before GC invocations=45 (full 0):
 garbage-first heap   total 305152K, used 251255K [0x0000000080000000, 0x0000000100000000)
  region size 1024K, 104 young (106496K), 4 survivors (4096K)
 Metaspace       used 114820K, capacity 117993K, committed 118188K, reserved 1153024K
  class space    used 14397K, capacity 15615K, committed 15616K, reserved 1048576K
}
Event: 70.485 GC heap after
{Heap after GC invocations=46 (full 0):
 garbage-first heap   total 305152K, used 150738K [0x0000000080000000, 0x0000000100000000)
  region size 1024K, 6 young (6144K), 6 survivors (6144K)
 Metaspace       used 114820K, capacity 117993K, committed 118188K, reserved 1153024K
  class space    used 14397K, capacity 15615K, committed 15616K, reserved 1048576K
}
Event: 70.718 GC heap before
{Heap before GC invocations=46 (full 0):
 garbage-first heap   total 305152K, used 254162K [0x0000000080000000, 0x0000000100000000)
  region size 1024K, 107 young (109568K), 6 survivors (6144K)
 Metaspace       used 114952K, capacity 118100K, committed 118316K, reserved 1153024K
  class space    used 14399K, capacity 15619K, committed 15744K, reserved 1048576K
}
Event: 70.729 GC heap after
{Heap after GC invocations=47 (full 0):
 garbage-first heap   total 366592K, used 149236K [0x0000000080000000, 0x0000000100000000)
  region size 1024K, 4 young (4096K), 4 survivors (4096K)
 Metaspace       used 114952K, capacity 118100K, committed 118316K, reserved 1153024K
  class space    used 14399K, capacity 15619K, committed 15744K, reserved 1048576K
}
Event: 71.076 GC heap before
{Heap before GC invocations=47 (full 0):
 garbage-first heap   total 366592K, used 295668K [0x0000000080000000, 0x0000000100000000)
  region size 1024K, 148 young (151552K), 4 survivors (4096K)
 Metaspace       used 115072K, capacity 118199K, committed 118572K, reserved 1153024K
  class space    used 14404K, capacity 15623K, committed 15744K, reserved 1048576K
}
Event: 71.084 GC heap after
{Heap after GC invocations=48 (full 0):
 garbage-first heap   total 366592K, used 151142K [0x0000000080000000, 0x0000000100000000)
  region size 1024K, 6 young (6144K), 6 survivors (6144K)
 Metaspace       used 115072K, capacity 118199K, committed 118572K, reserved 1153024K
  class space    used 14404K, capacity 15623K, committed 15744K, reserved 1048576K
}
Event: 71.419 GC heap before
{Heap before GC invocations=48 (full 0):
 garbage-first heap   total 366592K, used 299622K [0x0000000080000000, 0x0000000100000000)
  region size 1024K, 152 young (155648K), 6 survivors (6144K)
 Metaspace       used 115147K, capacity 118276K, committed 118572K, reserved 1153024K
  class space    used 14410K, capacity 15624K, committed 15744K, reserved 1048576K
}
Event: 71.430 GC heap after
{Heap after GC invocations=49 (full 0):
 garbage-first heap   total 366592K, used 155585K [0x0000000080000000, 0x0000000100000000)
  region size 1024K, 10 young (10240K), 10 survivors (10240K)
 Metaspace       used 115147K, capacity 118276K, committed 118572K, reserved 1153024K
  class space    used 14410K, capacity 15624K, committed 15744K, reserved 1048576K
}
Event: 71.714 GC heap before
{Heap before GC invocations=49 (full 0):
 garbage-first heap   total 366592K, used 304065K [0x0000000080000000, 0x0000000100000000)
  region size 1024K, 156 young (159744K), 10 survivors (10240K)
 Metaspace       used 115171K, capacity 118340K, committed 118572K, reserved 1153024K
  class space    used 14413K, capacity 15624K, committed 15744K, reserved 1048576K
}
Event: 71.728 GC heap after
{Heap after GC invocations=50 (full 0):
 garbage-first heap   total 366592K, used 159101K [0x0000000080000000, 0x0000000100000000)
  region size 1024K, 14 young (14336K), 14 survivors (14336K)
 Metaspace       used 115171K, capacity 118340K, committed 118572K, reserved 1153024K
  class space    used 14413K, capacity 15624K, committed 15744K, reserved 1048576K
}
Event: 72.030 GC heap before
{Heap before GC invocations=50 (full 0):
 garbage-first heap   total 366592K, used 305533K [0x0000000080000000, 0x0000000100000000)
  region size 1024K, 158 young (161792K), 14 survivors (14336K)
 Metaspace       used 115226K, capacity 118355K, committed 118572K, reserved 1153024K
  class space    used 14415K, capacity 15627K, committed 15744K, reserved 1048576K
}
Event: 72.048 GC heap after
{Heap after GC invocations=51 (full 0):
 garbage-first heap   total 366592K, used 159928K [0x0000000080000000, 0x0000000100000000)
  region size 1024K, 12 young (12288K), 12 survivors (12288K)
 Metaspace       used 115226K, capacity 118355K, committed 118572K, reserved 1153024K
  class space    used 14415K, capacity 15627K, committed 15744K, reserved 1048576K
}
Event: 72.334 GC heap before
{Heap before GC invocations=51 (full 0):
 garbage-first heap   total 366592K, used 308408K [0x0000000080000000, 0x0000000100000000)
  region size 1024K, 158 young (161792K), 12 survivors (12288K)
 Metaspace       used 115274K, capacity 118427K, committed 118572K, reserved 1153024K
  class space    used 14415K, capacity 15627K, committed 15744K, reserved 1048576K
}

